        -:    0:Source:dominion.c
        -:    0:Graph:dominion.gcno
        -:    0:Data:dominion.gcda
        -:    0:Runs:1
        -:    0:Programs:1
        -:    1:#include "dominion.h"
        -:    2:#include "dominion_helpers.h"
        -:    3:#include "rngs.h"
        -:    4:#include <stdio.h>
        -:    5:#include <math.h>
        -:    6:#include <stdlib.h>
        -:    7:
function compare called 772871 returned 100% blocks executed 83%
   772871:    8:int compare(const void* a, const void* b) {
   772871:    9:  if (*(int*)a > *(int*)b)
branch  0 taken 51% (fallthrough)
branch  1 taken 49%
   396291:   10:    return 1;
   376580:   11:  if (*(int*)a < *(int*)b)
branch  0 taken 100% (fallthrough)
branch  1 taken 0%
   376580:   12:    return -1;
    #####:   13:  return 0;
        -:   14:}
        -:   15:
function newGame called 0 returned 0% blocks executed 0%
    #####:   16:struct gameState* newGame() {
    #####:   17:  struct gameState* g = malloc(sizeof(struct gameState));
    #####:   18:  return g;
        -:   19:}
        -:   20:
function kingdomCards called 0 returned 0% blocks executed 0%
    #####:   21:int* kingdomCards(int k1, int k2, int k3, int k4, int k5, int k6, int k7,
        -:   22:		  int k8, int k9, int k10) {
    #####:   23:  int* k = malloc(10 * sizeof(int));
    #####:   24:  k[0] = k1;
    #####:   25:  k[1] = k2;
    #####:   26:  k[2] = k3;
    #####:   27:  k[3] = k4;
    #####:   28:  k[4] = k5;
    #####:   29:  k[5] = k6;
    #####:   30:  k[6] = k7;
    #####:   31:  k[7] = k8;
    #####:   32:  k[8] = k9;
    #####:   33:  k[9] = k10;
    #####:   34:  return k;
        -:   35:}
        -:   36:
function initializeGame called 0 returned 0% blocks executed 0%
    #####:   37:int initializeGame(int numPlayers, int kingdomCards[10], int randomSeed,
        -:   38:		   struct gameState *state) {
        -:   39:
        -:   40:  int i;
        -:   41:  int j;
        -:   42:  int it;			
        -:   43:  //set up random number generator
    #####:   44:  SelectStream(1);
call    0 never executed
    #####:   45:  PutSeed((long)randomSeed);
call    0 never executed
        -:   46:  
        -:   47:  //check number of players
    #####:   48:  if (numPlayers > MAX_PLAYERS || numPlayers < 2)
branch  0 never executed
branch  1 never executed
branch  2 never executed
branch  3 never executed
        -:   49:    {
    #####:   50:      return -1;
        -:   51:    }
        -:   52:
        -:   53:  //set number of players
    #####:   54:  state->numPlayers = numPlayers;
        -:   55:
        -:   56:  //check selected kingdom cards are different
    #####:   57:  for (i = 0; i < 10; i++)
branch  0 never executed
branch  1 never executed
        -:   58:    {
    #####:   59:      for (j = 0; j < 10; j++)
branch  0 never executed
branch  1 never executed
        -:   60:        {
    #####:   61:	  if (j != i && kingdomCards[j] == kingdomCards[i])
branch  0 never executed
branch  1 never executed
branch  2 never executed
branch  3 never executed
        -:   62:	    {
    #####:   63:	      return -1;
        -:   64:	    }
        -:   65:        }
        -:   66:    }
        -:   67:
        -:   68:
        -:   69:  //initialize supply
        -:   70:  ///////////////////////////////
        -:   71:
        -:   72:  //set number of Curse cards
    #####:   73:  if (numPlayers == 2)
branch  0 never executed
branch  1 never executed
        -:   74:    {
    #####:   75:      state->supplyCount[curse] = 10;
        -:   76:    }
    #####:   77:  else if (numPlayers == 3)
branch  0 never executed
branch  1 never executed
        -:   78:    {
    #####:   79:      state->supplyCount[curse] = 20;
        -:   80:    }
        -:   81:  else
        -:   82:    {
    #####:   83:      state->supplyCount[curse] = 30;
        -:   84:    }
        -:   85:
        -:   86:  //set number of Victory cards
    #####:   87:  if (numPlayers == 2)
branch  0 never executed
branch  1 never executed
        -:   88:    {
    #####:   89:      state->supplyCount[estate] = 8;
    #####:   90:      state->supplyCount[duchy] = 8;
    #####:   91:      state->supplyCount[province] = 8;
        -:   92:    }
        -:   93:  else
        -:   94:    {
    #####:   95:      state->supplyCount[estate] = 12;
    #####:   96:      state->supplyCount[duchy] = 12;
    #####:   97:      state->supplyCount[province] = 12;
        -:   98:    }
        -:   99:
        -:  100:  //set number of Treasure cards
    #####:  101:  state->supplyCount[copper] = 60 - (7 * numPlayers);
    #####:  102:  state->supplyCount[silver] = 40;
    #####:  103:  state->supplyCount[gold] = 30;
        -:  104:
        -:  105:  //set number of Kingdom cards
    #####:  106:  for (i = adventurer; i <= treasure_map; i++)       	//loop all cards
branch  0 never executed
branch  1 never executed
        -:  107:    {
    #####:  108:      for (j = 0; j < 10; j++)           		//loop chosen cards
branch  0 never executed
branch  1 never executed
        -:  109:	{
    #####:  110:	  if (kingdomCards[j] == i)
branch  0 never executed
branch  1 never executed
        -:  111:	    {
        -:  112:	      //check if card is a 'Victory' Kingdom card
    #####:  113:	      if (kingdomCards[j] == great_hall || kingdomCards[j] == gardens)
branch  0 never executed
branch  1 never executed
branch  2 never executed
branch  3 never executed
        -:  114:		{
    #####:  115:		  if (numPlayers == 2){ 
branch  0 never executed
branch  1 never executed
    #####:  116:		    state->supplyCount[i] = 8; 
        -:  117:		  }
    #####:  118:		  else{ state->supplyCount[i] = 12; }
        -:  119:		}
        -:  120:	      else
        -:  121:		{
    #####:  122:		  state->supplyCount[i] = 10;
        -:  123:		}
    #####:  124:	      break;
        -:  125:	    }
        -:  126:	  else    //card is not in the set choosen for the game
        -:  127:	    {
    #####:  128:	      state->supplyCount[i] = -1;
        -:  129:	    }
        -:  130:	}
        -:  131:
        -:  132:    }
        -:  133:
        -:  134:  ////////////////////////
        -:  135:  //supply intilization complete
        -:  136:
        -:  137:  //set player decks
    #####:  138:  for (i = 0; i < numPlayers; i++)
branch  0 never executed
branch  1 never executed
        -:  139:    {
    #####:  140:      state->deckCount[i] = 0;
    #####:  141:      for (j = 0; j < 3; j++)
branch  0 never executed
branch  1 never executed
        -:  142:	{
    #####:  143:	  state->deck[i][j] = estate;
    #####:  144:	  state->deckCount[i]++;
        -:  145:	}
    #####:  146:      for (j = 3; j < 10; j++)
branch  0 never executed
branch  1 never executed
        -:  147:	{
    #####:  148:	  state->deck[i][j] = copper;
    #####:  149:	  state->deckCount[i]++;		
        -:  150:	}
        -:  151:    }
        -:  152:
        -:  153:  //shuffle player decks
    #####:  154:  for (i = 0; i < numPlayers; i++)
branch  0 never executed
branch  1 never executed
        -:  155:    {
    #####:  156:      if ( shuffle(i, state) < 0 )
call    0 never executed
branch  1 never executed
branch  2 never executed
        -:  157:	{
    #####:  158:	  return -1;
        -:  159:	}
        -:  160:    }
        -:  161:
        -:  162:  //draw player hands
    #####:  163:  for (i = 0; i < numPlayers; i++)
branch  0 never executed
branch  1 never executed
        -:  164:    {  
        -:  165:      //initialize hand size to zero
    #####:  166:      state->handCount[i] = 0;
    #####:  167:      state->discardCount[i] = 0;
        -:  168:      //draw 5 cards
        -:  169:      // for (j = 0; j < 5; j++)
        -:  170:      //	{
        -:  171:      //	  drawCard(i, state);
        -:  172:      //	}
        -:  173:    }
        -:  174:  
        -:  175:  //set embargo tokens to 0 for all supply piles
    #####:  176:  for (i = 0; i <= treasure_map; i++)
branch  0 never executed
branch  1 never executed
        -:  177:    {
    #####:  178:      state->embargoTokens[i] = 0;
        -:  179:    }
        -:  180:
        -:  181:  //initialize first player's turn
    #####:  182:  state->outpostPlayed = 0;
    #####:  183:  state->phase = 0;
    #####:  184:  state->numActions = 1;
    #####:  185:  state->numBuys = 1;
    #####:  186:  state->playedCardCount = 0;
    #####:  187:  state->whoseTurn = 0;
    #####:  188:  state->handCount[state->whoseTurn] = 0;
        -:  189:  //int it; move to top
        -:  190:
        -:  191:  //Moved draw cards to here, only drawing at the start of a turn
    #####:  192:  for (it = 0; it < 5; it++){
branch  0 never executed
branch  1 never executed
    #####:  193:    drawCard(state->whoseTurn, state);
call    0 never executed
        -:  194:  }
        -:  195:
    #####:  196:  updateCoins(state->whoseTurn, state, 0);
call    0 never executed
        -:  197:
    #####:  198:  return 0;
        -:  199:}
        -:  200:
function shuffle called 434 returned 100% blocks executed 94%
      434:  201:int shuffle(int player, struct gameState *state) {
        -:  202: 
        -:  203:
        -:  204:  int newDeck[MAX_DECK];
      434:  205:  int newDeckPos = 0;
        -:  206:  int card;
        -:  207:  int i;
        -:  208:
      434:  209:  if (state->deckCount[player] < 1)
branch  0 taken 0% (fallthrough)
branch  1 taken 100%
    #####:  210:    return -1;
      434:  211:  qsort ((void*)(state->deck[player]), state->deckCount[player], sizeof(int), compare); 
call    0 returned 100%
        -:  212:  /* SORT CARDS IN DECK TO ENSURE DETERMINISM! */
        -:  213:
   111348:  214:  while (state->deckCount[player] > 0) {
branch  0 taken 99%
branch  1 taken 1% (fallthrough)
   110480:  215:    card = floor(Random() * state->deckCount[player]);
call    0 returned 100%
   110480:  216:    newDeck[newDeckPos] = state->deck[player][card];
   110480:  217:    newDeckPos++;
  9242475:  218:    for (i = card; i < state->deckCount[player]-1; i++) {
branch  0 taken 99%
branch  1 taken 1% (fallthrough)
  9131995:  219:      state->deck[player][i] = state->deck[player][i+1];
        -:  220:    }
   110480:  221:    state->deckCount[player]--;
        -:  222:  }
   110914:  223:  for (i = 0; i < newDeckPos; i++) {
branch  0 taken 99%
branch  1 taken 1% (fallthrough)
   110480:  224:    state->deck[player][i] = newDeck[i];
   110480:  225:    state->deckCount[player]++;
        -:  226:  }
        -:  227:
      434:  228:  return 0;
        -:  229:}
        -:  230:
function playCard called 0 returned 0% blocks executed 0%
    #####:  231:int playCard(int handPos, int choice1, int choice2, int choice3, struct gameState *state) 
        -:  232:{	
        -:  233:  int card;
    #####:  234:  int coin_bonus = 0; 		//tracks coins gain from actions
        -:  235:
        -:  236:  //check if it is the right phase
    #####:  237:  if (state->phase != 0)
branch  0 never executed
branch  1 never executed
        -:  238:    {
    #####:  239:      return -1;
        -:  240:    }
        -:  241:	
        -:  242:  //check if player has enough actions
    #####:  243:  if ( state->numActions < 1 )
branch  0 never executed
branch  1 never executed
        -:  244:    {
    #####:  245:      return -1;
        -:  246:    }
        -:  247:	
        -:  248:  //get card played
    #####:  249:  card = handCard(handPos, state);
call    0 never executed
        -:  250:	
        -:  251:  //check if selected card is an action
    #####:  252:  if ( card < adventurer || card > treasure_map )
branch  0 never executed
branch  1 never executed
branch  2 never executed
branch  3 never executed
        -:  253:    {
    #####:  254:      return -1;
        -:  255:    }
        -:  256:	
        -:  257:  //play card
    #####:  258:  if ( cardEffect(card, choice1, choice2, choice3, state, handPos, &coin_bonus) < 0 )
call    0 never executed
branch  1 never executed
branch  2 never executed
        -:  259:    {
    #####:  260:      return -1;
        -:  261:    }
        -:  262:	
        -:  263:  //reduce number of actions
    #####:  264:  state->numActions--;
        -:  265:
        -:  266:  //update coins (Treasure cards may be added with card draws)
    #####:  267:  updateCoins(state->whoseTurn, state, coin_bonus);
call    0 never executed
        -:  268:	
    #####:  269:  return 0;
        -:  270:}
        -:  271:
function buyCard called 0 returned 0% blocks executed 0%
    #####:  272:int buyCard(int supplyPos, struct gameState *state) {
        -:  273:  int who;
        -:  274:  if (DEBUG){
    #####:  275:    printf("Entering buyCard...\n");
call    0 never executed
        -:  276:  }
        -:  277:
        -:  278:  // I don't know what to do about the phase thing.
        -:  279:
    #####:  280:  who = state->whoseTurn;
        -:  281:
    #####:  282:  if (state->numBuys < 1){
branch  0 never executed
branch  1 never executed
        -:  283:    if (DEBUG)
    #####:  284:      printf("You do not have any buys left\n");
call    0 never executed
    #####:  285:    return -1;
    #####:  286:  } else if (supplyCount(supplyPos, state) <1){
call    0 never executed
branch  1 never executed
branch  2 never executed
        -:  287:    if (DEBUG)
    #####:  288:      printf("There are not any of that type of card left\n");
call    0 never executed
    #####:  289:    return -1;
    #####:  290:  } else if (state->coins < getCost(supplyPos)){
call    0 never executed
branch  1 never executed
branch  2 never executed
        -:  291:    if (DEBUG) 
    #####:  292:      printf("You do not have enough money to buy that. You have %d coins.\n", state->coins);
call    0 never executed
    #####:  293:    return -1;
        -:  294:  } else {
    #####:  295:    state->phase=1;
        -:  296:    //state->supplyCount[supplyPos]--;
    #####:  297:    gainCard(supplyPos, state, 0, who); //card goes in discard, this might be wrong.. (2 means goes into hand, 0 goes into discard)
call    0 never executed
        -:  298:  
    #####:  299:    state->coins = (state->coins) - (getCost(supplyPos));
call    0 never executed
    #####:  300:    state->numBuys--;
        -:  301:    if (DEBUG)
    #####:  302:      printf("You bought card number %d for %d coins. You now have %d buys and %d coins.\n", supplyPos, getCost(supplyPos), state->numBuys, state->coins);
call    0 never executed
call    1 never executed
        -:  303:  }
        -:  304:
        -:  305:  //state->discard[who][state->discardCount[who]] = supplyPos;
        -:  306:  //state->discardCount[who]++;
        -:  307:    
    #####:  308:  return 0;
        -:  309:}
        -:  310:
function numHandCards called 0 returned 0% blocks executed 0%
    #####:  311:int numHandCards(struct gameState *state) {
    #####:  312:  return state->handCount[ whoseTurn(state) ];
call    0 never executed
        -:  313:}
        -:  314:
function handCard called 0 returned 0% blocks executed 0%
    #####:  315:int handCard(int handPos, struct gameState *state) {
    #####:  316:  int currentPlayer = whoseTurn(state);
call    0 never executed
    #####:  317:  return state->hand[currentPlayer][handPos];
        -:  318:}
        -:  319:
function supplyCount called 0 returned 0% blocks executed 0%
    #####:  320:int supplyCount(int card, struct gameState *state) {
    #####:  321:  return state->supplyCount[card];
        -:  322:}
        -:  323:
function fullDeckCount called 0 returned 0% blocks executed 0%
    #####:  324:int fullDeckCount(int player, int card, struct gameState *state) {
        -:  325:  int i;
    #####:  326:  int count = 0;
        -:  327:
    #####:  328:  for (i = 0; i < state->deckCount[player]; i++)
branch  0 never executed
branch  1 never executed
        -:  329:    {
    #####:  330:      if (state->deck[player][i] == card) count++;
branch  0 never executed
branch  1 never executed
        -:  331:    }
        -:  332:
    #####:  333:  for (i = 0; i < state->handCount[player]; i++)
branch  0 never executed
branch  1 never executed
        -:  334:    {
    #####:  335:      if (state->hand[player][i] == card) count++;
branch  0 never executed
branch  1 never executed
        -:  336:    }
        -:  337:
    #####:  338:  for (i = 0; i < state->discardCount[player]; i++)
branch  0 never executed
branch  1 never executed
        -:  339:    {
    #####:  340:      if (state->discard[player][i] == card) count++;
branch  0 never executed
branch  1 never executed
        -:  341:    }
        -:  342:
    #####:  343:  return count;
        -:  344:}
        -:  345:
function whoseTurn called 200000 returned 100% blocks executed 100%
   200000:  346:int whoseTurn(struct gameState *state) {
   200000:  347:  return state->whoseTurn;
        -:  348:}
        -:  349:
function endTurn called 0 returned 0% blocks executed 0%
    #####:  350:int endTurn(struct gameState *state) {
        -:  351:  int k;
        -:  352:  int i;
    #####:  353:  int currentPlayer = whoseTurn(state);
call    0 never executed
        -:  354:  
        -:  355:  //Discard hand
    #####:  356:  for (i = 0; i < state->handCount[currentPlayer]; i++){
branch  0 never executed
branch  1 never executed
    #####:  357:    state->discard[currentPlayer][state->discardCount[currentPlayer]++] = state->hand[currentPlayer][i]; // Discard
    #####:  358:    state->hand[currentPlayer][i] = -1; // Set card to -1
        -:  359:  }
    #####:  360:  state->handCount[currentPlayer] = 0; // Reset hand count
        -:  361:    
        -:  362:  //Code for determining the player
    #####:  363:  if (currentPlayer < (state->numPlayers - 1)){ 
branch  0 never executed
branch  1 never executed
    #####:  364:    state->whoseTurn = currentPlayer + 1;//Still safe to increment
        -:  365:  }
        -:  366:  else{
    #####:  367:    state->whoseTurn = 0;//Max player has been reached, loop back around to player 1
        -:  368:  }
        -:  369:
    #####:  370:  state->outpostPlayed = 0;
    #####:  371:  state->phase = 0;
    #####:  372:  state->numActions = 1;
    #####:  373:  state->coins = 0;
    #####:  374:  state->numBuys = 1;
    #####:  375:  state->playedCardCount = 0;
    #####:  376:  state->handCount[state->whoseTurn] = 0;
        -:  377:
        -:  378:  //int k; move to top
        -:  379:  //Next player draws hand
    #####:  380:  for (k = 0; k < 5; k++){
branch  0 never executed
branch  1 never executed
    #####:  381:    drawCard(state->whoseTurn, state);//Draw a card
call    0 never executed
        -:  382:  }
        -:  383:
        -:  384:  //Update money
    #####:  385:  updateCoins(state->whoseTurn, state , 0);
call    0 never executed
        -:  386:
    #####:  387:  return 0;
        -:  388:}
        -:  389:
function isGameOver called 0 returned 0% blocks executed 0%
    #####:  390:int isGameOver(struct gameState *state) {
        -:  391:  int i;
        -:  392:  int j;
        -:  393:	
        -:  394:  //if stack of Province cards is empty, the game ends
    #####:  395:  if (state->supplyCount[province] == 0)
branch  0 never executed
branch  1 never executed
        -:  396:    {
    #####:  397:      return 1;
        -:  398:    }
        -:  399:
        -:  400:  //if three supply pile are at 0, the game ends
    #####:  401:  j = 0;
    #####:  402:  for (i = 0; i < 25; i++)
branch  0 never executed
branch  1 never executed
        -:  403:    {
    #####:  404:      if (state->supplyCount[i] == 0)
branch  0 never executed
branch  1 never executed
        -:  405:	{
    #####:  406:	  j++;
        -:  407:	}
        -:  408:    }
    #####:  409:  if ( j >= 3)
branch  0 never executed
branch  1 never executed
        -:  410:    {
    #####:  411:      return 1;
        -:  412:    }
        -:  413:
    #####:  414:  return 0;
        -:  415:}
        -:  416:
function scoreFor called 0 returned 0% blocks executed 0%
    #####:  417:int scoreFor (int player, struct gameState *state) {
        -:  418:
        -:  419:  int i;
    #####:  420:  int score = 0;
        -:  421:  //score from hand
    #####:  422:  for (i = 0; i < state->handCount[player]; i++)
branch  0 never executed
branch  1 never executed
        -:  423:    {
    #####:  424:      if (state->hand[player][i] == curse) { score = score - 1; };
branch  0 never executed
branch  1 never executed
    #####:  425:      if (state->hand[player][i] == estate) { score = score + 1; };
branch  0 never executed
branch  1 never executed
    #####:  426:      if (state->hand[player][i] == duchy) { score = score + 3; };
branch  0 never executed
branch  1 never executed
    #####:  427:      if (state->hand[player][i] == province) { score = score + 6; };
branch  0 never executed
branch  1 never executed
    #####:  428:      if (state->hand[player][i] == great_hall) { score = score + 1; };
branch  0 never executed
branch  1 never executed
    #####:  429:      if (state->hand[player][i] == gardens) { score = score + ( fullDeckCount(player, 0, state) / 10 ); };
branch  0 never executed
branch  1 never executed
call    2 never executed
        -:  430:    }
        -:  431:
        -:  432:  //score from discard
    #####:  433:  for (i = 0; i < state->discardCount[player]; i++)
branch  0 never executed
branch  1 never executed
        -:  434:    {
    #####:  435:      if (state->discard[player][i] == curse) { score = score - 1; };
branch  0 never executed
branch  1 never executed
    #####:  436:      if (state->discard[player][i] == estate) { score = score + 1; };
branch  0 never executed
branch  1 never executed
    #####:  437:      if (state->discard[player][i] == duchy) { score = score + 3; };
branch  0 never executed
branch  1 never executed
    #####:  438:      if (state->discard[player][i] == province) { score = score + 6; };
branch  0 never executed
branch  1 never executed
    #####:  439:      if (state->discard[player][i] == great_hall) { score = score + 1; };
branch  0 never executed
branch  1 never executed
    #####:  440:      if (state->discard[player][i] == gardens) { score = score + ( fullDeckCount(player, 0, state) / 10 ); };
branch  0 never executed
branch  1 never executed
call    2 never executed
        -:  441:    }
        -:  442:
        -:  443:  //score from deck
    #####:  444:  for (i = 0; i < state->discardCount[player]; i++)
branch  0 never executed
branch  1 never executed
        -:  445:    {
    #####:  446:      if (state->deck[player][i] == curse) { score = score - 1; };
branch  0 never executed
branch  1 never executed
    #####:  447:      if (state->deck[player][i] == estate) { score = score + 1; };
branch  0 never executed
branch  1 never executed
    #####:  448:      if (state->deck[player][i] == duchy) { score = score + 3; };
branch  0 never executed
branch  1 never executed
    #####:  449:      if (state->deck[player][i] == province) { score = score + 6; };
branch  0 never executed
branch  1 never executed
    #####:  450:      if (state->deck[player][i] == great_hall) { score = score + 1; };
branch  0 never executed
branch  1 never executed
    #####:  451:      if (state->deck[player][i] == gardens) { score = score + ( fullDeckCount(player, 0, state) / 10 ); };
branch  0 never executed
branch  1 never executed
call    2 never executed
        -:  452:    }
        -:  453:
    #####:  454:  return score;
        -:  455:}
        -:  456:
function getWinners called 0 returned 0% blocks executed 0%
    #####:  457:int getWinners(int players[MAX_PLAYERS], struct gameState *state) {
        -:  458:  int i;	
        -:  459:  int j;
        -:  460:  int highScore;
        -:  461:  int currentPlayer;
        -:  462:
        -:  463:  //get score for each player
    #####:  464:  for (i = 0; i < MAX_PLAYERS; i++)
branch  0 never executed
branch  1 never executed
        -:  465:    {
        -:  466:      //set unused player scores to -9999
    #####:  467:      if (i >= state->numPlayers)
branch  0 never executed
branch  1 never executed
        -:  468:	{
    #####:  469:	  players[i] = -9999;
        -:  470:	}
        -:  471:      else
        -:  472:	{
    #####:  473:	  players[i] = scoreFor (i, state);
call    0 never executed
        -:  474:	}
        -:  475:    }
        -:  476:
        -:  477:  //find highest score
    #####:  478:  j = 0;
    #####:  479:  for (i = 0; i < MAX_PLAYERS; i++)
branch  0 never executed
branch  1 never executed
        -:  480:    {
    #####:  481:      if (players[i] > players[j])
branch  0 never executed
branch  1 never executed
        -:  482:	{
    #####:  483:	  j = i;
        -:  484:	}
        -:  485:    }
    #####:  486:  highScore = players[j];
        -:  487:
        -:  488:  //add 1 to players who had less turns
    #####:  489:  currentPlayer = whoseTurn(state);
call    0 never executed
    #####:  490:  for (i = 0; i < MAX_PLAYERS; i++)
branch  0 never executed
branch  1 never executed
        -:  491:    {
    #####:  492:      if ( players[i] == highScore && i > currentPlayer )
branch  0 never executed
branch  1 never executed
branch  2 never executed
branch  3 never executed
        -:  493:	{
    #####:  494:	  players[i]++;
        -:  495:	}
        -:  496:    }
        -:  497:
        -:  498:  //find new highest score
    #####:  499:  j = 0;
    #####:  500:  for (i = 0; i < MAX_PLAYERS; i++)
branch  0 never executed
branch  1 never executed
        -:  501:    {
    #####:  502:      if ( players[i] > players[j] )
branch  0 never executed
branch  1 never executed
        -:  503:	{
    #####:  504:	  j = i;
        -:  505:	}
        -:  506:    }
    #####:  507:  highScore = players[j];
        -:  508:
        -:  509:  //set winners in array to 1 and rest to 0
    #####:  510:  for (i = 0; i < MAX_PLAYERS; i++)
branch  0 never executed
branch  1 never executed
        -:  511:    {
    #####:  512:      if ( players[i] == highScore )
branch  0 never executed
branch  1 never executed
        -:  513:	{
    #####:  514:	  players[i] = 1;
        -:  515:	}
        -:  516:      else
        -:  517:	{
    #####:  518:	  players[i] = 0;
        -:  519:	}
        -:  520:    }
        -:  521:
    #####:  522:  return 0;
        -:  523:}
        -:  524:
function drawCard called 200000 returned 100% blocks executed 94%
   200000:  525:int drawCard(int player, struct gameState *state)
        -:  526:{	int count;
        -:  527:  int deckCounter;
   200000:  528:  if (state->deckCount[player] <= 0){//Deck is empty
branch  0 taken 1% (fallthrough)
branch  1 taken 99%
        -:  529:    
        -:  530:    //Step 1 Shuffle the discard pile back into a deck
        -:  531:    int i;
        -:  532:    //Move discard to deck
   110914:  533:    for (i = 0; i < state->discardCount[player];i++){
branch  0 taken 99%
branch  1 taken 1% (fallthrough)
   110480:  534:      state->deck[player][i] = state->discard[player][i];
   110480:  535:      state->discard[player][i] = -1;
        -:  536:    }
        -:  537:
      434:  538:    state->deckCount[player] = state->discardCount[player];
      434:  539:    state->discardCount[player] = 0;//Reset discard
        -:  540:
        -:  541:    //Shufffle the deck
      434:  542:    shuffle(player, state);//Shuffle the deck up and make it so that we can draw
call    0 returned 100%
        -:  543:   
        -:  544:    if (DEBUG){//Debug statements
      434:  545:      printf("Deck count now: %d\n", state->deckCount[player]);
call    0 returned 100%
        -:  546:    }
        -:  547:    
      434:  548:    state->discardCount[player] = 0;
        -:  549:
        -:  550:    //Step 2 Draw Card
      434:  551:    count = state->handCount[player];//Get current player's hand count
        -:  552:    
        -:  553:    if (DEBUG){//Debug statements
      434:  554:      printf("Current hand count: %d\n", count);
call    0 returned 100%
        -:  555:    }
        -:  556:    
      434:  557:    deckCounter = state->deckCount[player];//Create a holder for the deck count
        -:  558:
      434:  559:    if (deckCounter == 0)
branch  0 taken 0% (fallthrough)
branch  1 taken 100%
    #####:  560:      return -1;
        -:  561:
      434:  562:    state->hand[player][count] = state->deck[player][deckCounter - 1];//Add card to hand
      434:  563:    state->deckCount[player]--;
      434:  564:    state->handCount[player]++;//Increment hand count
        -:  565:  }
        -:  566:
        -:  567:  else{
   199566:  568:    int count = state->handCount[player];//Get current hand count for player
        -:  569:    int deckCounter;
        -:  570:    if (DEBUG){//Debug statements
   199566:  571:      printf("Current hand count: %d\n", count);
call    0 returned 100%
        -:  572:    }
        -:  573:
   199566:  574:    deckCounter = state->deckCount[player];//Create holder for the deck count
   199566:  575:    state->hand[player][count] = state->deck[player][deckCounter - 1];//Add card to the hand
   199566:  576:    state->deckCount[player]--;
   199566:  577:    state->handCount[player]++;//Increment hand count
        -:  578:  }
        -:  579:
   200000:  580:  return 0;
        -:  581:}
        -:  582:
function getCost called 0 returned 0% blocks executed 0%
    #####:  583:int getCost(int cardNumber)
        -:  584:{
    #####:  585:  switch( cardNumber ) 
branch  0 never executed
branch  1 never executed
branch  2 never executed
branch  3 never executed
branch  4 never executed
branch  5 never executed
branch  6 never executed
branch  7 never executed
branch  8 never executed
branch  9 never executed
branch 10 never executed
branch 11 never executed
branch 12 never executed
branch 13 never executed
branch 14 never executed
branch 15 never executed
branch 16 never executed
branch 17 never executed
branch 18 never executed
branch 19 never executed
branch 20 never executed
branch 21 never executed
branch 22 never executed
branch 23 never executed
branch 24 never executed
branch 25 never executed
branch 26 never executed
branch 27 never executed
        -:  586:    {
        -:  587:    case curse:
    #####:  588:      return 0;
        -:  589:    case estate:
    #####:  590:      return 2;
        -:  591:    case duchy:
    #####:  592:      return 5;
        -:  593:    case province:
    #####:  594:      return 8;
        -:  595:    case copper:
    #####:  596:      return 0;
        -:  597:    case silver:
    #####:  598:      return 3;
        -:  599:    case gold:
    #####:  600:      return 6;
        -:  601:    case adventurer:
    #####:  602:      return 6;
        -:  603:    case council_room:
    #####:  604:      return 5;
        -:  605:    case feast:
    #####:  606:      return 4;
        -:  607:    case gardens:
    #####:  608:      return 4;
        -:  609:    case mine:
    #####:  610:      return 5;
        -:  611:    case remodel:
    #####:  612:      return 4;
        -:  613:    case smithy:
    #####:  614:      return 4;
        -:  615:    case village:
    #####:  616:      return 3;
        -:  617:    case baron:
    #####:  618:      return 4;
        -:  619:    case great_hall:
    #####:  620:      return 3;
        -:  621:    case minion:
    #####:  622:      return 5;
        -:  623:    case steward:
    #####:  624:      return 3;
        -:  625:    case tribute:
    #####:  626:      return 5;
        -:  627:    case ambassador:
    #####:  628:      return 3;
        -:  629:    case cutpurse:
    #####:  630:      return 4;
        -:  631:    case embargo: 
    #####:  632:      return 2;
        -:  633:    case outpost:
    #####:  634:      return 5;
        -:  635:    case salvager:
    #####:  636:      return 4;
        -:  637:    case sea_hag:
    #####:  638:      return 4;
        -:  639:    case treasure_map:
    #####:  640:      return 4;
        -:  641:    }
        -:  642:	
    #####:  643:  return -1;
        -:  644:}
        -:  645:
function cardEffect called 200000 returned 100% blocks executed 3%
   200000:  646:int cardEffect(int card, int choice1, int choice2, int choice3, struct gameState *state, int handPos, int *bonus)
        -:  647:{
        -:  648:  int i;
        -:  649:  int j;
        -:  650:  int k;
        -:  651:  int x;
        -:  652:  int index;
   200000:  653:  int currentPlayer = whoseTurn(state);
call    0 returned 100%
   200000:  654:  int nextPlayer = currentPlayer + 1;
        -:  655:
   200000:  656:  int tributeRevealedCards[2] = {-1, -1};
        -:  657:  int temphand[MAX_HAND];// moved above the if statement
        -:  658:
   200000:  659:  if (nextPlayer > (state->numPlayers - 1)){
branch  0 taken 50% (fallthrough)
branch  1 taken 50%
    99980:  660:    nextPlayer = 0;
        -:  661:  }
        -:  662:  
        -:  663:	
        -:  664:  //uses switch to select card and perform actions
   200000:  665:  switch( card ) 
branch  0 taken 0%
branch  1 taken 0%
branch  2 taken 0%
branch  3 taken 0%
branch  4 taken 0%
branch  5 taken 0%
branch  6 taken 0%
branch  7 taken 100%
branch  8 taken 0%
branch  9 taken 0%
branch 10 taken 0%
branch 11 taken 0%
branch 12 taken 0%
branch 13 taken 0%
branch 14 taken 0%
branch 15 taken 0%
branch 16 taken 0%
branch 17 taken 0%
branch 18 taken 0%
branch 19 taken 0%
branch 20 taken 0%
        -:  666:    {
        -:  667:    case adventurer:
    #####:  668:		return playAdventurer(state, currentPlayer);
call    0 never executed
        -:  669:			
        -:  670:    case council_room:
        -:  671:      //+4 Cards
    #####:  672:      for (i = 0; i < 4; i++)
branch  0 never executed
branch  1 never executed
        -:  673:	{
    #####:  674:	  drawCard(currentPlayer, state);
call    0 never executed
        -:  675:	}
        -:  676:			
        -:  677:      //+1 Buy
    #####:  678:      state->numBuys++;
        -:  679:			
        -:  680:      //Each other player draws a card
    #####:  681:      for (i = 0; i < state->numPlayers; i++)
branch  0 never executed
branch  1 never executed
        -:  682:	{
    #####:  683:	  if ( i != currentPlayer )
branch  0 never executed
branch  1 never executed
        -:  684:	    {
    #####:  685:	      drawCard(i, state);
call    0 never executed
        -:  686:	    }
        -:  687:	}
        -:  688:			
        -:  689:      //put played card in played card pile
    #####:  690:      discardCard(handPos, currentPlayer, state, 0);
call    0 never executed
        -:  691:			
    #####:  692:      return 0;
        -:  693:			
        -:  694:    case feast:
        -:  695:      //gain card with cost up to 5
        -:  696:      //Backup hand
    #####:  697:      for (i = 0; i <= state->handCount[currentPlayer]; i++){
branch  0 never executed
branch  1 never executed
    #####:  698:	temphand[i] = state->hand[currentPlayer][i];//Backup card
    #####:  699:	state->hand[currentPlayer][i] = -1;//Set to nothing
        -:  700:      }
        -:  701:      //Backup hand
        -:  702:
        -:  703:      //Update Coins for Buy
    #####:  704:      updateCoins(currentPlayer, state, 5);
call    0 never executed
    #####:  705:      x = 1;//Condition to loop on
    #####:  706:      while( x == 1) {//Buy one card
branch  0 never executed
branch  1 never executed
    #####:  707:	if (supplyCount(choice1, state) <= 0){
call    0 never executed
branch  1 never executed
branch  2 never executed
        -:  708:	  if (DEBUG)
    #####:  709:	    printf("None of that card left, sorry!\n");
call    0 never executed
        -:  710:
        -:  711:	  if (DEBUG){
    #####:  712:	    printf("Cards Left: %d\n", supplyCount(choice1, state));
call    0 never executed
call    1 never executed
        -:  713:	  }
        -:  714:	}
    #####:  715:	else if (state->coins < getCost(choice1)){
call    0 never executed
branch  1 never executed
branch  2 never executed
    #####:  716:	  printf("That card is too expensive!\n");
call    0 never executed
        -:  717:
        -:  718:	  if (DEBUG){
    #####:  719:	    printf("Coins: %d < %d\n", state->coins, getCost(choice1));
call    0 never executed
call    1 never executed
        -:  720:	  }
        -:  721:	}
        -:  722:	else{
        -:  723:
        -:  724:	  if (DEBUG){
    #####:  725:	    printf("Deck Count: %d\n", state->handCount[currentPlayer] + state->deckCount[currentPlayer] + state->discardCount[currentPlayer]);
call    0 never executed
        -:  726:	  }
        -:  727:
    #####:  728:	  gainCard(choice1, state, 0, currentPlayer);//Gain the card
call    0 never executed
    #####:  729:	  x = 0;//No more buying cards
        -:  730:
        -:  731:	  if (DEBUG){
    #####:  732:	    printf("Deck Count: %d\n", state->handCount[currentPlayer] + state->deckCount[currentPlayer] + state->discardCount[currentPlayer]);
call    0 never executed
        -:  733:	  }
        -:  734:
        -:  735:	}
        -:  736:      }     
        -:  737:
        -:  738:      //Reset Hand
    #####:  739:      for (i = 0; i <= state->handCount[currentPlayer]; i++){
branch  0 never executed
branch  1 never executed
    #####:  740:	state->hand[currentPlayer][i] = temphand[i];
    #####:  741:	temphand[i] = -1;
        -:  742:      }
        -:  743:      //Reset Hand
        -:  744:      			
    #####:  745:      return 0;
        -:  746:			
        -:  747:    case gardens:
    #####:  748:      return -1;
        -:  749:			
        -:  750:    case mine:
    #####:  751:      j = state->hand[currentPlayer][choice1];  //store card we will trash
        -:  752:
    #####:  753:      if (state->hand[currentPlayer][choice1] < copper || state->hand[currentPlayer][choice1] > gold)
branch  0 never executed
branch  1 never executed
branch  2 never executed
branch  3 never executed
        -:  754:	{
    #####:  755:	  return -1;
        -:  756:	}
        -:  757:		
    #####:  758:      if (choice2 > treasure_map || choice2 < curse)
branch  0 never executed
branch  1 never executed
branch  2 never executed
branch  3 never executed
        -:  759:	{
    #####:  760:	  return -1;
        -:  761:	}
        -:  762:
    #####:  763:      if ( (getCost(state->hand[currentPlayer][choice1]) + 3) > getCost(choice2) )
call    0 never executed
call    1 never executed
branch  2 never executed
branch  3 never executed
        -:  764:	{
    #####:  765:	  return -1;
        -:  766:	}
        -:  767:
    #####:  768:      gainCard(choice2, state, 2, currentPlayer);
call    0 never executed
        -:  769:
        -:  770:      //discard card from hand
    #####:  771:      discardCard(handPos, currentPlayer, state, 0);
call    0 never executed
        -:  772:
        -:  773:      //discard trashed card
    #####:  774:      for (i = 0; i < state->handCount[currentPlayer]; i++)
branch  0 never executed
branch  1 never executed
        -:  775:	{
    #####:  776:	  if (state->hand[currentPlayer][i] == j)
branch  0 never executed
branch  1 never executed
        -:  777:	    {
    #####:  778:	      discardCard(i, currentPlayer, state, 0);			
call    0 never executed
    #####:  779:	      break;
        -:  780:	    }
        -:  781:	}
        -:  782:			
    #####:  783:      return 0;
        -:  784:			
        -:  785:    case remodel:
    #####:  786:      j = state->hand[currentPlayer][choice1];  //store card we will trash
        -:  787:
    #####:  788:      if ( (getCost(state->hand[currentPlayer][choice1]) + 2) > getCost(choice2) )
call    0 never executed
call    1 never executed
branch  2 never executed
branch  3 never executed
        -:  789:	{
    #####:  790:	  return -1;
        -:  791:	}
        -:  792:
    #####:  793:      gainCard(choice2, state, 0, currentPlayer);
call    0 never executed
        -:  794:
        -:  795:      //discard card from hand
    #####:  796:      discardCard(handPos, currentPlayer, state, 0);
call    0 never executed
        -:  797:
        -:  798:      //discard trashed card
    #####:  799:      for (i = 0; i < state->handCount[currentPlayer]; i++)
branch  0 never executed
branch  1 never executed
        -:  800:	{
    #####:  801:	  if (state->hand[currentPlayer][i] == j)
branch  0 never executed
branch  1 never executed
        -:  802:	    {
    #####:  803:	      discardCard(i, currentPlayer, state, 0);			
call    0 never executed
    #####:  804:	      break;
        -:  805:	    }
        -:  806:	}
        -:  807:
        -:  808:
    #####:  809:      return 0;
        -:  810:		
        -:  811:    case smithy:
    #####:  812:		return playSmithy(state, handPos, currentPlayer);
call    0 never executed
        -:  813:		
        -:  814:    case village:
   200000:  815:		return playVillage(state, handPos, currentPlayer);
call    0 returned 100%
        -:  816:		
        -:  817:    case baron:
    #####:  818:      state->numBuys++;//Increase buys by 1!
    #####:  819:      if (choice1 > 0){//Boolean true or going to discard an estate
branch  0 never executed
branch  1 never executed
    #####:  820:	int p = 0;//Iterator for hand!
    #####:  821:	int card_not_discarded = 1;//Flag for discard set!
    #####:  822:	while(card_not_discarded){
branch  0 never executed
branch  1 never executed
    #####:  823:	  if (state->hand[currentPlayer][p] == estate){//Found an estate card!
branch  0 never executed
branch  1 never executed
    #####:  824:	    state->coins += 4;//Add 4 coins to the amount of coins
    #####:  825:	    state->discard[currentPlayer][state->discardCount[currentPlayer]] = state->hand[currentPlayer][p];
    #####:  826:	    state->discardCount[currentPlayer]++;
    #####:  827:	    for (;p < state->handCount[currentPlayer]; p++){
branch  0 never executed
branch  1 never executed
    #####:  828:	      state->hand[currentPlayer][p] = state->hand[currentPlayer][p+1];
        -:  829:	    }
    #####:  830:	    state->hand[currentPlayer][state->handCount[currentPlayer]] = -1;
    #####:  831:	    state->handCount[currentPlayer]--;
    #####:  832:	    card_not_discarded = 0;//Exit the loop
        -:  833:	  }
    #####:  834:	  else if (p > state->handCount[currentPlayer]){
branch  0 never executed
branch  1 never executed
        -:  835:	    if(DEBUG) {
    #####:  836:	      printf("No estate cards in your hand, invalid choice\n");
call    0 never executed
    #####:  837:	      printf("Must gain an estate if there are any\n");
call    0 never executed
        -:  838:	    }
    #####:  839:	    if (supplyCount(estate, state) > 0){
call    0 never executed
branch  1 never executed
branch  2 never executed
    #####:  840:	      gainCard(estate, state, 0, currentPlayer);
call    0 never executed
    #####:  841:	      state->supplyCount[estate]--;//Decrement estates
    #####:  842:	      if (supplyCount(estate, state) == 0){
call    0 never executed
branch  1 never executed
branch  2 never executed
    #####:  843:		isGameOver(state);
call    0 never executed
        -:  844:	      }
        -:  845:	    }
    #####:  846:	    card_not_discarded = 0;//Exit the loop
        -:  847:	  }
        -:  848:			    
        -:  849:	  else{
    #####:  850:	    p++;//Next card
        -:  851:	  }
        -:  852:	}
        -:  853:      }
        -:  854:			    
        -:  855:      else{
    #####:  856:	if (supplyCount(estate, state) > 0){
call    0 never executed
branch  1 never executed
branch  2 never executed
    #####:  857:	  gainCard(estate, state, 0, currentPlayer);//Gain an estate
call    0 never executed
    #####:  858:	  state->supplyCount[estate]--;//Decrement Estates
    #####:  859:	  if (supplyCount(estate, state) == 0){
call    0 never executed
branch  1 never executed
branch  2 never executed
    #####:  860:	    isGameOver(state);
call    0 never executed
        -:  861:	  }
        -:  862:	}
        -:  863:      }
        -:  864:	    
        -:  865:      
    #####:  866:      return 0;
        -:  867:		
        -:  868:    case great_hall:
        -:  869:      //+1 Card
    #####:  870:      drawCard(currentPlayer, state);
call    0 never executed
        -:  871:			
        -:  872:      //+1 Actions
    #####:  873:      state->numActions++;
        -:  874:			
        -:  875:      //discard card from hand
    #####:  876:      discardCard(handPos, currentPlayer, state, 0);
call    0 never executed
    #####:  877:      return 0;
        -:  878:		
        -:  879:    case minion:
        -:  880:      //+1 action
    #####:  881:      state->numActions++;
        -:  882:			
        -:  883:      //discard card from hand
    #####:  884:      discardCard(handPos, currentPlayer, state, 0);
call    0 never executed
        -:  885:			
    #####:  886:      if (choice1)		//+2 coins
branch  0 never executed
branch  1 never executed
        -:  887:	{
    #####:  888:	  state->coins = state->coins + 2;
        -:  889:	}
        -:  890:			
    #####:  891:      else if (choice2)		//discard hand, redraw 4, other players with 5+ cards discard hand and draw 4
branch  0 never executed
branch  1 never executed
        -:  892:	{
        -:  893:	  //discard hand
    #####:  894:	  while(numHandCards(state) > 0)
call    0 never executed
branch  1 never executed
branch  2 never executed
        -:  895:	    {
    #####:  896:	      discardCard(handPos, currentPlayer, state, 0);
call    0 never executed
        -:  897:	    }
        -:  898:				
        -:  899:	  //draw 4
    #####:  900:	  for (i = 0; i < 4; i++)
branch  0 never executed
branch  1 never executed
        -:  901:	    {
    #####:  902:	      drawCard(currentPlayer, state);
call    0 never executed
        -:  903:	    }
        -:  904:				
        -:  905:	  //other players discard hand and redraw if hand size > 4
    #####:  906:	  for (i = 0; i < state->numPlayers; i++)
branch  0 never executed
branch  1 never executed
        -:  907:	    {
    #####:  908:	      if (i != currentPlayer)
branch  0 never executed
branch  1 never executed
        -:  909:		{
    #####:  910:		  if ( state->handCount[i] > 4 )
branch  0 never executed
branch  1 never executed
        -:  911:		    {
        -:  912:		      //discard hand
    #####:  913:		      while( state->handCount[i] > 0 )
branch  0 never executed
branch  1 never executed
        -:  914:			{
    #####:  915:			  discardCard(handPos, i, state, 0);
call    0 never executed
        -:  916:			}
        -:  917:							
        -:  918:		      //draw 4
    #####:  919:		      for (j = 0; j < 4; j++)
branch  0 never executed
branch  1 never executed
        -:  920:			{
    #####:  921:			  drawCard(i, state);
call    0 never executed
        -:  922:			}
        -:  923:		    }
        -:  924:		}
        -:  925:	    }
        -:  926:				
        -:  927:	}
    #####:  928:      return 0;
        -:  929:		
        -:  930:    case steward:
    #####:  931:      if (choice1 == 1)
branch  0 never executed
branch  1 never executed
        -:  932:	{
        -:  933:	  //+2 cards
    #####:  934:	  drawCard(currentPlayer, state);
call    0 never executed
    #####:  935:	  drawCard(currentPlayer, state);
call    0 never executed
        -:  936:	}
    #####:  937:      else if (choice1 == 2)
branch  0 never executed
branch  1 never executed
        -:  938:	{
        -:  939:	  //+2 coins
    #####:  940:	  state->coins = state->coins + 2;
        -:  941:	}
        -:  942:      else
        -:  943:	{
        -:  944:	  //trash 2 cards in hand
    #####:  945:	  discardCard(choice2, currentPlayer, state, 1);
call    0 never executed
    #####:  946:	  discardCard(choice3, currentPlayer, state, 1);
call    0 never executed
        -:  947:	}
        -:  948:			
        -:  949:      //discard card from hand
    #####:  950:      discardCard(handPos, currentPlayer, state, 0);
call    0 never executed
    #####:  951:      return 0;
        -:  952:		
        -:  953:    case tribute:
    #####:  954:      if ((state->discardCount[nextPlayer] + state->deckCount[nextPlayer]) <= 1){
branch  0 never executed
branch  1 never executed
    #####:  955:	if (state->deckCount[nextPlayer] > 0){
branch  0 never executed
branch  1 never executed
    #####:  956:	  tributeRevealedCards[0] = state->deck[nextPlayer][state->deckCount[nextPlayer]-1];
    #####:  957:	  state->deckCount[nextPlayer]--;
        -:  958:	}
    #####:  959:	else if (state->discardCount[nextPlayer] > 0){
branch  0 never executed
branch  1 never executed
    #####:  960:	  tributeRevealedCards[0] = state->discard[nextPlayer][state->discardCount[nextPlayer]-1];
    #####:  961:	  state->discardCount[nextPlayer]--;
        -:  962:	}
        -:  963:	else{
        -:  964:	  //No Card to Reveal
        -:  965:	  if (DEBUG){
    #####:  966:	    printf("No cards to reveal\n");
call    0 never executed
        -:  967:	  }
        -:  968:	}
        -:  969:      }
        -:  970:	    
        -:  971:      else{
    #####:  972:	if (state->deckCount[nextPlayer] == 0){
branch  0 never executed
branch  1 never executed
    #####:  973:	  for (i = 0; i < state->discardCount[nextPlayer]; i++){
branch  0 never executed
branch  1 never executed
    #####:  974:	    state->deck[nextPlayer][i] = state->discard[nextPlayer][i];//Move to deck
    #####:  975:	    state->deckCount[nextPlayer]++;
    #####:  976:	    state->discard[nextPlayer][i] = -1;
    #####:  977:	    state->discardCount[nextPlayer]--;
        -:  978:	  }
        -:  979:			    
    #####:  980:	  shuffle(nextPlayer,state);//Shuffle the deck
call    0 never executed
        -:  981:	} 
    #####:  982:	tributeRevealedCards[0] = state->deck[nextPlayer][state->deckCount[nextPlayer]-1];
    #####:  983:	state->deck[nextPlayer][state->deckCount[nextPlayer]--] = -1;
    #####:  984:	state->deckCount[nextPlayer]--;
    #####:  985:	tributeRevealedCards[1] = state->deck[nextPlayer][state->deckCount[nextPlayer]-1];
    #####:  986:	state->deck[nextPlayer][state->deckCount[nextPlayer]--] = -1;
    #####:  987:	state->deckCount[nextPlayer]--;
        -:  988:      }    
        -:  989:		       
    #####:  990:      if (tributeRevealedCards[0] == tributeRevealedCards[1]){//If we have a duplicate card, just drop one 
branch  0 never executed
branch  1 never executed
    #####:  991:	state->playedCards[state->playedCardCount] = tributeRevealedCards[1];
    #####:  992:	state->playedCardCount++;
    #####:  993:	tributeRevealedCards[1] = -1;
        -:  994:      }
        -:  995:
    #####:  996:      for (i = 0; i <= 2; i ++){
branch  0 never executed
branch  1 never executed
    #####:  997:	if (tributeRevealedCards[i] == copper || tributeRevealedCards[i] == silver || tributeRevealedCards[i] == gold){//Treasure cards
branch  0 never executed
branch  1 never executed
branch  2 never executed
branch  3 never executed
branch  4 never executed
branch  5 never executed
    #####:  998:	  state->coins += 2;
        -:  999:	}
        -: 1000:		    
    #####: 1001:	else if (tributeRevealedCards[i] == estate || tributeRevealedCards[i] == duchy || tributeRevealedCards[i] == province || tributeRevealedCards[i] == gardens || tributeRevealedCards[i] == great_hall){//Victory Card Found
branch  0 never executed
branch  1 never executed
branch  2 never executed
branch  3 never executed
branch  4 never executed
branch  5 never executed
branch  6 never executed
branch  7 never executed
branch  8 never executed
branch  9 never executed
    #####: 1002:	  drawCard(currentPlayer, state);
call    0 never executed
    #####: 1003:	  drawCard(currentPlayer, state);
call    0 never executed
        -: 1004:	}
        -: 1005:	else{//Action Card
    #####: 1006:	  state->numActions = state->numActions + 2;
        -: 1007:	}
        -: 1008:      }
        -: 1009:	    
    #####: 1010:      return 0;
        -: 1011:		
        -: 1012:    case ambassador:
    #####: 1013:      j = 0;		//used to check if player has enough cards to discard
        -: 1014:
    #####: 1015:      if (choice2 > 2 || choice2 < 0)
branch  0 never executed
branch  1 never executed
branch  2 never executed
branch  3 never executed
        -: 1016:	{
    #####: 1017:	  return -1;				
        -: 1018:	}
        -: 1019:
    #####: 1020:      if (choice1 == handPos)
branch  0 never executed
branch  1 never executed
        -: 1021:	{
    #####: 1022:	  return -1;
        -: 1023:	}
        -: 1024:
    #####: 1025:      for (i = 0; i < state->handCount[currentPlayer]; i++)
branch  0 never executed
branch  1 never executed
        -: 1026:	{
    #####: 1027:	  if (i != handPos && i == state->hand[currentPlayer][choice1] && i != choice1)
branch  0 never executed
branch  1 never executed
branch  2 never executed
branch  3 never executed
branch  4 never executed
branch  5 never executed
        -: 1028:	    {
    #####: 1029:	      j++;
        -: 1030:	    }
        -: 1031:	}
    #####: 1032:      if (j < choice2)
branch  0 never executed
branch  1 never executed
        -: 1033:	{
    #####: 1034:	  return -1;				
        -: 1035:	}
        -: 1036:
        -: 1037:      if (DEBUG) 
    #####: 1038:	printf("Player %d reveals card number: %d\n", currentPlayer, state->hand[currentPlayer][choice1]);
call    0 never executed
        -: 1039:
        -: 1040:      //increase supply count for choosen card by amount being discarded
    #####: 1041:      state->supplyCount[state->hand[currentPlayer][choice1]] += choice2;
        -: 1042:			
        -: 1043:      //each other player gains a copy of revealed card
    #####: 1044:      for (i = 0; i < state->numPlayers; i++)
branch  0 never executed
branch  1 never executed
        -: 1045:	{
    #####: 1046:	  if (i != currentPlayer)
branch  0 never executed
branch  1 never executed
        -: 1047:	    {
    #####: 1048:	      gainCard(state->hand[currentPlayer][choice1], state, 0, i);
call    0 never executed
        -: 1049:	    }
        -: 1050:	}
        -: 1051:
        -: 1052:      //discard played card from hand
    #####: 1053:      discardCard(handPos, currentPlayer, state, 0);			
call    0 never executed
        -: 1054:
        -: 1055:      //trash copies of cards returned to supply
    #####: 1056:      for (j = 0; j < choice2; j++)
branch  0 never executed
branch  1 never executed
        -: 1057:	{
    #####: 1058:	  for (i = 0; i < state->handCount[currentPlayer]; i++)
branch  0 never executed
branch  1 never executed
        -: 1059:	    {
    #####: 1060:	      if (state->hand[currentPlayer][i] == state->hand[currentPlayer][choice1])
branch  0 never executed
branch  1 never executed
        -: 1061:		{
    #####: 1062:		  discardCard(i, currentPlayer, state, 1);
call    0 never executed
    #####: 1063:		  break;
        -: 1064:		}
        -: 1065:	    }
        -: 1066:	}			
        -: 1067:
    #####: 1068:      return 0;
        -: 1069:		
        -: 1070:    case cutpurse:
        -: 1071:
    #####: 1072:      updateCoins(currentPlayer, state, 2);
call    0 never executed
    #####: 1073:      for (i = 0; i < state->numPlayers; i++)
branch  0 never executed
branch  1 never executed
        -: 1074:	{
    #####: 1075:	  if (i != currentPlayer)
branch  0 never executed
branch  1 never executed
        -: 1076:	    {
    #####: 1077:	      for (j = 0; j < state->handCount[i]; j++)
branch  0 never executed
branch  1 never executed
        -: 1078:		{
    #####: 1079:		  if (state->hand[i][j] == copper)
branch  0 never executed
branch  1 never executed
        -: 1080:		    {
    #####: 1081:		      discardCard(j, i, state, 0);
call    0 never executed
    #####: 1082:		      break;
        -: 1083:		    }
    #####: 1084:		  if (j == state->handCount[i])
branch  0 never executed
branch  1 never executed
        -: 1085:		    {
    #####: 1086:		      for (k = 0; k < state->handCount[i]; k++)
branch  0 never executed
branch  1 never executed
        -: 1087:			{
        -: 1088:			  if (DEBUG)
    #####: 1089:			    printf("Player %d reveals card number %d\n", i, state->hand[i][k]);
call    0 never executed
        -: 1090:			}	
    #####: 1091:		      break;
        -: 1092:		    }		
        -: 1093:		}
        -: 1094:					
        -: 1095:	    }
        -: 1096:				
        -: 1097:	}				
        -: 1098:
        -: 1099:      //discard played card from hand
    #####: 1100:      discardCard(handPos, currentPlayer, state, 0);			
call    0 never executed
        -: 1101:
    #####: 1102:      return 0;
        -: 1103:
        -: 1104:		
        -: 1105:    case embargo: 
        -: 1106:      //+2 Coins
    #####: 1107:      state->coins = state->coins + 2;
        -: 1108:			
        -: 1109:      //see if selected pile is in play
    #####: 1110:      if ( state->supplyCount[choice1] == -1 )
branch  0 never executed
branch  1 never executed
        -: 1111:	{
    #####: 1112:	  return -1;
        -: 1113:	}
        -: 1114:			
        -: 1115:      //add embargo token to selected supply pile
    #####: 1116:      state->embargoTokens[choice1]++;
        -: 1117:			
        -: 1118:      //trash card
    #####: 1119:      discardCard(handPos, currentPlayer, state, 1);		
call    0 never executed
    #####: 1120:      return 0;
        -: 1121:		
        -: 1122:    case outpost:
    #####: 1123:		return playOutpost(state, currentPlayer, handPos);
call    0 never executed
        -: 1124:		
        -: 1125:    case salvager:
        -: 1126:      //+1 buy
    #####: 1127:      state->numBuys++;
        -: 1128:			
    #####: 1129:      if (choice1)
branch  0 never executed
branch  1 never executed
        -: 1130:	{
        -: 1131:	  //gain coins equal to trashed card
    #####: 1132:	  state->coins = state->coins + getCost( handCard(choice1, state) );
call    0 never executed
call    1 never executed
        -: 1133:	  //trash card
    #####: 1134:	  discardCard(choice1, currentPlayer, state, 1);	
call    0 never executed
        -: 1135:	}
        -: 1136:			
        -: 1137:      //discard card
    #####: 1138:      discardCard(handPos, currentPlayer, state, 0);
call    0 never executed
    #####: 1139:      return 0;
        -: 1140:		
        -: 1141:    case sea_hag:
    #####: 1142:		return playSeaHag(state, currentPlayer);
call    0 never executed
        -: 1143:		
        -: 1144:    case treasure_map:
        -: 1145:      //search hand for another treasure_map
    #####: 1146:      index = -1;
    #####: 1147:      for (i = 0; i < state->handCount[currentPlayer]; i++)
branch  0 never executed
branch  1 never executed
        -: 1148:	{
    #####: 1149:	  if (state->hand[currentPlayer][i] == treasure_map && i != handPos)
branch  0 never executed
branch  1 never executed
branch  2 never executed
branch  3 never executed
        -: 1150:	    {
    #####: 1151:	      index = i;
    #####: 1152:	      break;
        -: 1153:	    }
        -: 1154:	}
    #####: 1155:      if (index > -1)
branch  0 never executed
branch  1 never executed
        -: 1156:	{
        -: 1157:	  //trash both treasure cards
    #####: 1158:	  discardCard(handPos, currentPlayer, state, 1);
call    0 never executed
    #####: 1159:	  discardCard(index, currentPlayer, state, 1);
call    0 never executed
        -: 1160:
        -: 1161:	  //gain 4 Gold cards
    #####: 1162:	  for (i = 0; i < 4; i++)
branch  0 never executed
branch  1 never executed
        -: 1163:	    {
    #####: 1164:	      gainCard(gold, state, 1, currentPlayer);
call    0 never executed
        -: 1165:	    }
        -: 1166:				
        -: 1167:	  //return success
    #####: 1168:	  return 1;
        -: 1169:	}
        -: 1170:			
        -: 1171:      //no second treasure_map found in hand
    #####: 1172:      return -1;
        -: 1173:    }
        -: 1174:	
    #####: 1175:  return -1;
        -: 1176:}
        -: 1177:
function discardCard called 200000 returned 100% blocks executed 89%
   200000: 1178:int discardCard(int handPos, int currentPlayer, struct gameState *state, int trashFlag)
        -: 1179:{
        -: 1180:	
        -: 1181:  //if card is not trashed, added to Played pile 
   200000: 1182:  if (trashFlag < 1)
branch  0 taken 100% (fallthrough)
branch  1 taken 0%
        -: 1183:    {
        -: 1184:      //add card to played pile
   200000: 1185:      state->playedCards[state->playedCardCount] = state->hand[currentPlayer][handPos]; 
   200000: 1186:      state->playedCardCount++;
        -: 1187:    }
        -: 1188:	
        -: 1189:  //set played card to -1
   200000: 1190:  state->hand[currentPlayer][handPos] = -1;
        -: 1191:	
        -: 1192:  //remove card from player's hand
   200000: 1193:  if ( handPos == (state->handCount[currentPlayer] - 1) ) 	//last card in hand array is played
branch  0 taken 1% (fallthrough)
branch  1 taken 99%
        -: 1194:    {
        -: 1195:      //reduce number of cards in hand
      381: 1196:      state->handCount[currentPlayer]--;
        -: 1197:    }
   199619: 1198:  else if ( state->handCount[currentPlayer] == 1 ) //only one card in hand
branch  0 taken 0% (fallthrough)
branch  1 taken 100%
        -: 1199:    {
        -: 1200:      //reduce number of cards in hand
    #####: 1201:      state->handCount[currentPlayer]--;
        -: 1202:    }
        -: 1203:  else 	
        -: 1204:    {
        -: 1205:      //replace discarded card with last card in hand
   199619: 1206:      state->hand[currentPlayer][handPos] = state->hand[currentPlayer][ (state->handCount[currentPlayer] - 1)];
        -: 1207:      //set last card to -1
   199619: 1208:      state->hand[currentPlayer][state->handCount[currentPlayer] - 1] = -1;
        -: 1209:      //reduce number of cards in hand
   199619: 1210:      state->handCount[currentPlayer]--;
        -: 1211:    }
        -: 1212:	
   200000: 1213:  return 0;
        -: 1214:}
        -: 1215:
function gainCard called 0 returned 0% blocks executed 0%
    #####: 1216:int gainCard(int supplyPos, struct gameState *state, int toFlag, int player)
        -: 1217:{
        -: 1218:  //Note: supplyPos is enum of choosen card
        -: 1219:	
        -: 1220:  //check if supply pile is empty (0) or card is not used in game (-1)
    #####: 1221:  if ( supplyCount(supplyPos, state) < 1 )
call    0 never executed
branch  1 never executed
branch  2 never executed
        -: 1222:    {
    #####: 1223:      return -1;
        -: 1224:    }
        -: 1225:	
        -: 1226:  //added card for [whoseTurn] current player:
        -: 1227:  // toFlag = 0 : add to discard
        -: 1228:  // toFlag = 1 : add to deck
        -: 1229:  // toFlag = 2 : add to hand
        -: 1230:
    #####: 1231:  if (toFlag == 1)
branch  0 never executed
branch  1 never executed
        -: 1232:    {
    #####: 1233:      state->deck[ player ][ state->deckCount[player] ] = supplyPos;
    #####: 1234:      state->deckCount[player]++;
        -: 1235:    }
    #####: 1236:  else if (toFlag == 2)
branch  0 never executed
branch  1 never executed
        -: 1237:    {
    #####: 1238:      state->hand[ player ][ state->handCount[player] ] = supplyPos;
    #####: 1239:      state->handCount[player]++;
        -: 1240:    }
        -: 1241:  else
        -: 1242:    {
    #####: 1243:      state->discard[player][ state->discardCount[player] ] = supplyPos;
    #####: 1244:      state->discardCount[player]++;
        -: 1245:    }
        -: 1246:	
        -: 1247:  //decrease number in supply pile
    #####: 1248:  state->supplyCount[supplyPos]--;
        -: 1249:	 
    #####: 1250:  return 0;
        -: 1251:}
        -: 1252:
function updateCoins called 0 returned 0% blocks executed 0%
    #####: 1253:int updateCoins(int player, struct gameState *state, int bonus)
        -: 1254:{
        -: 1255:  int i;
        -: 1256:	
        -: 1257:  //reset coin count
    #####: 1258:  state->coins = 0;
        -: 1259:
        -: 1260:  //add coins for each Treasure card in player's hand
    #####: 1261:  for (i = 0; i < state->handCount[player]; i++)
branch  0 never executed
branch  1 never executed
        -: 1262:    {
    #####: 1263:      if (state->hand[player][i] == copper)
branch  0 never executed
branch  1 never executed
        -: 1264:	{
    #####: 1265:	  state->coins += 1;
        -: 1266:	}
    #####: 1267:      else if (state->hand[player][i] == silver)
branch  0 never executed
branch  1 never executed
        -: 1268:	{
    #####: 1269:	  state->coins += 2;
        -: 1270:	}
    #####: 1271:      else if (state->hand[player][i] == gold)
branch  0 never executed
branch  1 never executed
        -: 1272:	{
    #####: 1273:	  state->coins += 3;
        -: 1274:	}	
        -: 1275:    }	
        -: 1276:
        -: 1277:  //add bonus
    #####: 1278:  state->coins += bonus;
        -: 1279:
    #####: 1280:  return 0;
        -: 1281:}
        -: 1282:
function playAdventurer called 0 returned 0% blocks executed 0%
    #####: 1283:int playAdventurer(struct gameState *state, int currentPlayer) 
        -: 1284:{
        -: 1285:	int tempHand[MAX_HAND];
    #####: 1286:	int drawnTreasure = 0;
        -: 1287:	int cardDrawn;
        -: 1288:
        -: 1289:	// counter for temp hand
    #####: 1290:	int z = 0;
        -: 1291:
    #####: 1292:	while (drawnTreasure < 2) 
branch  0 never executed
branch  1 never executed
        -: 1293:	{
        -: 1294:		//if the deck is empty we need to shuffle discard and add to deck
    #####: 1295:		if (state->deckCount[currentPlayer] < 1) 
branch  0 never executed
branch  1 never executed
        -: 1296:		{
    #####: 1297:			shuffle(currentPlayer, state);
call    0 never executed
        -: 1298:		}
        -: 1299:
    #####: 1300:		drawCard(currentPlayer, state);
call    0 never executed
        -: 1301:
        -: 1302:		//top card of hand is most recently drawn card.
    #####: 1303:		cardDrawn = state->hand[currentPlayer][state->handCount[currentPlayer] - 1];
        -: 1304:
    #####: 1305:		if (cardDrawn == copper || cardDrawn == silver || cardDrawn == gold)
branch  0 never executed
branch  1 never executed
branch  2 never executed
branch  3 never executed
branch  4 never executed
branch  5 never executed
        -: 1306:		{
    #####: 1307:			drawnTreasure++;
        -: 1308:		}		
        -: 1309:		else 
        -: 1310:		{
    #####: 1311:			tempHand[z] = cardDrawn;
        -: 1312:			//this should just remove the top card (the most recently drawn one).
    #####: 1313:			state->handCount[currentPlayer]--; 
    #####: 1314:			z++;
        -: 1315:		}
        -: 1316:	}
        -: 1317:
    #####: 1318:	while (z - 1 > 0) // Bug here (z - 1 >= 0)
branch  0 never executed
branch  1 never executed
        -: 1319:	{
        -: 1320:		// discard all cards in play that have been drawn
    #####: 1321:		state->discard[currentPlayer][state->discardCount[currentPlayer]++] = tempHand[z - 1]; 
    #####: 1322:		z = z - 1;
        -: 1323:	}
        -: 1324:
    #####: 1325:	return 0;
        -: 1326:}
        -: 1327:
function playSmithy called 0 returned 0% blocks executed 0%
    #####: 1328:int playSmithy(struct gameState *state, int handPos, int currentPlayer) 
        -: 1329:{
        -: 1330:	int i;
        -: 1331:
        -: 1332:	//+3 Cards
    #####: 1333:	for (i = 0; i <= 3; i++) // Bug here (i = 0; i < 3; i++)
branch  0 never executed
branch  1 never executed
        -: 1334:	{
    #####: 1335:		drawCard(currentPlayer, state);
call    0 never executed
        -: 1336:	}
        -: 1337:
        -: 1338:	//discard card from hand
    #####: 1339:	discardCard(handPos, currentPlayer, state, 0);
call    0 never executed
    #####: 1340:	return 0;
        -: 1341:}
        -: 1342:
function playVillage called 200000 returned 100% blocks executed 100%
   200000: 1343:int playVillage(struct gameState *state, int handPos, int currentPlayer) 
        -: 1344:{
        -: 1345:	//+1 Card
   200000: 1346:	drawCard(currentPlayer, state);
call    0 returned 100%
        -: 1347:
        -: 1348:	//+2 Actions
   200000: 1349:	state->numActions = 2; // Bug here state->numActions = state->numActions + 2
        -: 1350:
        -: 1351:	//discard played card from hand
   200000: 1352:	discardCard(handPos, currentPlayer, state, 0);
call    0 returned 100%
   200000: 1353:	return 0;
        -: 1354:}
        -: 1355:
function playOutpost called 0 returned 0% blocks executed 0%
    #####: 1356:int playOutpost(struct gameState *state, int handPos, int currentPlayer) 
        -: 1357:{
        -: 1358:	//set outpost flag
    #####: 1359:	state->outpostPlayed++;
        -: 1360:
        -: 1361:	//discard card
    #####: 1362:	discardCard(handPos, currentPlayer, state, 0);
call    0 never executed
    #####: 1363:	return 0;
        -: 1364:}
        -: 1365:
function playSeaHag called 0 returned 0% blocks executed 0%
    #####: 1366:int playSeaHag(struct gameState *state, int currentPlayer) 
        -: 1367:{
        -: 1368:	int i;
        -: 1369:
        -: 1370:	// all other players discard the top card of their deck and gain a curse, which is placed on top of their deck
    #####: 1371:	for (i = 0; i < state->numPlayers; i++) {
branch  0 never executed
branch  1 never executed
        -: 1372:
    #####: 1373:		if (i != currentPlayer) {
branch  0 never executed
branch  1 never executed
    #####: 1374:			state->discard[i][state->discardCount[i]] = state->deck[i][state->deckCount[i]--];			    
    #####: 1375:			state->deckCount[i]--;
    #####: 1376:			state->discardCount[i]++;
    #####: 1377:			state->deck[i][state->deckCount[i]--] = curse;	//Top card now a curse
        -: 1378:		}
        -: 1379:	}
        -: 1380:
    #####: 1381:	return 0;
        -: 1382:}
        -: 1383:
        -: 1384://end of dominion.c
        -: 1385:
